[13:03:21] src/io/iter_image_recordio.cc:211: ImageRecordIOParser: ./bot_train.rec, use 2 threads for decoding..
[13:03:21] src/io/./iter_normalize.h:103: Load mean image from ./mean.bin
[13:03:21] src/io/iter_image_recordio.cc:211: ImageRecordIOParser: ./bot_val.rec, use 2 threads for decoding..
[13:03:21] src/io/./iter_normalize.h:103: Load mean image from ./mean.bin
2016-09-02 13:03:22,181 Start training with [gpu(3)]
2016-09-02 13:03:47,454 Epoch[0] Batch [50]	Speed: 68.35 samples/sec	Train-accuracy=0.738750
2016-09-02 13:04:11,493 Epoch[0] Batch [100]	Speed: 66.56 samples/sec	Train-accuracy=0.800625
2016-09-02 13:04:35,670 Epoch[0] Batch [150]	Speed: 66.18 samples/sec	Train-accuracy=0.826875
2016-09-02 13:04:59,750 Epoch[0] Batch [200]	Speed: 66.45 samples/sec	Train-accuracy=0.803125
2016-09-02 13:05:23,827 Epoch[0] Batch [250]	Speed: 66.45 samples/sec	Train-accuracy=0.831875
2016-09-02 13:05:47,894 Epoch[0] Batch [300]	Speed: 66.48 samples/sec	Train-accuracy=0.830625
2016-09-02 13:06:11,980 Epoch[0] Batch [350]	Speed: 66.43 samples/sec	Train-accuracy=0.853750
2016-09-02 13:06:36,039 Epoch[0] Batch [400]	Speed: 66.50 samples/sec	Train-accuracy=0.883750
2016-09-02 13:07:00,144 Epoch[0] Batch [450]	Speed: 66.38 samples/sec	Train-accuracy=0.863125
2016-09-02 13:07:24,187 Epoch[0] Batch [500]	Speed: 66.55 samples/sec	Train-accuracy=0.850625
2016-09-02 13:07:48,274 Epoch[0] Batch [550]	Speed: 66.43 samples/sec	Train-accuracy=0.866250
2016-09-02 13:08:12,376 Epoch[0] Batch [600]	Speed: 66.39 samples/sec	Train-accuracy=0.858125
2016-09-02 13:08:36,469 Epoch[0] Batch [650]	Speed: 66.41 samples/sec	Train-accuracy=0.864375
2016-09-02 13:09:00,587 Epoch[0] Batch [700]	Speed: 66.34 samples/sec	Train-accuracy=0.877500
2016-09-02 13:09:24,698 Epoch[0] Batch [750]	Speed: 66.36 samples/sec	Train-accuracy=0.883750
2016-09-02 13:09:48,819 Epoch[0] Batch [800]	Speed: 66.33 samples/sec	Train-accuracy=0.878125
2016-09-02 13:10:12,938 Epoch[0] Batch [850]	Speed: 66.34 samples/sec	Train-accuracy=0.875625
2016-09-02 13:10:37,046 Epoch[0] Batch [900]	Speed: 66.37 samples/sec	Train-accuracy=0.882500
2016-09-02 13:11:01,185 Epoch[0] Batch [950]	Speed: 66.29 samples/sec	Train-accuracy=0.880625
2016-09-02 13:11:25,328 Epoch[0] Batch [1000]	Speed: 66.27 samples/sec	Train-accuracy=0.880000
2016-09-02 13:11:49,462 Epoch[0] Batch [1050]	Speed: 66.30 samples/sec	Train-accuracy=0.886250
2016-09-02 13:12:13,595 Epoch[0] Batch [1100]	Speed: 66.30 samples/sec	Train-accuracy=0.900000
2016-09-02 13:12:37,728 Epoch[0] Batch [1150]	Speed: 66.30 samples/sec	Train-accuracy=0.876250
2016-09-02 13:13:01,831 Epoch[0] Batch [1200]	Speed: 66.38 samples/sec	Train-accuracy=0.891875
2016-09-02 13:13:25,917 Epoch[0] Batch [1250]	Speed: 66.43 samples/sec	Train-accuracy=0.886250
2016-09-02 13:13:50,021 Epoch[0] Batch [1300]	Speed: 66.38 samples/sec	Train-accuracy=0.885000
2016-09-02 13:14:14,142 Epoch[0] Batch [1350]	Speed: 66.33 samples/sec	Train-accuracy=0.892500
2016-09-02 13:14:38,231 Epoch[0] Batch [1400]	Speed: 66.42 samples/sec	Train-accuracy=0.894375
2016-09-02 13:15:02,326 Epoch[0] Batch [1450]	Speed: 66.40 samples/sec	Train-accuracy=0.884375
2016-09-02 13:15:26,455 Epoch[0] Batch [1500]	Speed: 66.31 samples/sec	Train-accuracy=0.890625
2016-09-02 13:15:50,520 Epoch[0] Batch [1550]	Speed: 66.49 samples/sec	Train-accuracy=0.891875
2016-09-02 13:16:14,848 Epoch[0] Batch [1600]	Speed: 65.77 samples/sec	Train-accuracy=0.898125
2016-09-02 13:16:38,911 Epoch[0] Batch [1650]	Speed: 66.49 samples/sec	Train-accuracy=0.891250
2016-09-02 13:17:02,982 Epoch[0] Batch [1700]	Speed: 66.47 samples/sec	Train-accuracy=0.898125
2016-09-02 13:17:27,020 Epoch[0] Batch [1750]	Speed: 66.56 samples/sec	Train-accuracy=0.897500
2016-09-02 13:17:51,108 Epoch[0] Batch [1800]	Speed: 66.42 samples/sec	Train-accuracy=0.885000
2016-09-02 13:18:15,189 Epoch[0] Batch [1850]	Speed: 66.44 samples/sec	Train-accuracy=0.882500
2016-09-02 13:18:39,288 Epoch[0] Batch [1900]	Speed: 66.40 samples/sec	Train-accuracy=0.899375
2016-09-02 13:19:03,456 Epoch[0] Batch [1950]	Speed: 66.21 samples/sec	Train-accuracy=0.883125
2016-09-02 13:19:27,552 Epoch[0] Batch [2000]	Speed: 66.40 samples/sec	Train-accuracy=0.891875
2016-09-02 13:19:51,638 Epoch[0] Batch [2050]	Speed: 66.43 samples/sec	Train-accuracy=0.896875
2016-09-02 13:20:15,759 Epoch[0] Batch [2100]	Speed: 66.33 samples/sec	Train-accuracy=0.896250
2016-09-02 13:20:39,835 Epoch[0] Batch [2150]	Speed: 66.46 samples/sec	Train-accuracy=0.887500
2016-09-02 13:21:03,880 Epoch[0] Batch [2200]	Speed: 66.54 samples/sec	Train-accuracy=0.890000
2016-09-02 13:21:28,000 Epoch[0] Batch [2250]	Speed: 66.34 samples/sec	Train-accuracy=0.908125
2016-09-02 13:21:52,383 Epoch[0] Batch [2300]	Speed: 65.62 samples/sec	Train-accuracy=0.878125
2016-09-02 13:22:16,422 Epoch[0] Batch [2350]	Speed: 66.56 samples/sec	Train-accuracy=0.888750
2016-09-02 13:22:40,497 Epoch[0] Batch [2400]	Speed: 66.46 samples/sec	Train-accuracy=0.893750
2016-09-02 13:23:04,587 Epoch[0] Batch [2450]	Speed: 66.42 samples/sec	Train-accuracy=0.901250
2016-09-02 13:23:28,673 Epoch[0] Batch [2500]	Speed: 66.43 samples/sec	Train-accuracy=0.903125
2016-09-02 13:23:52,754 Epoch[0] Batch [2550]	Speed: 66.44 samples/sec	Train-accuracy=0.895625
2016-09-02 13:24:16,825 Epoch[0] Batch [2600]	Speed: 66.47 samples/sec	Train-accuracy=0.900625
2016-09-02 13:24:40,917 Epoch[0] Batch [2650]	Speed: 66.41 samples/sec	Train-accuracy=0.913125
2016-09-02 13:25:04,980 Epoch[0] Batch [2700]	Speed: 66.49 samples/sec	Train-accuracy=0.890000
2016-09-02 13:25:29,129 Epoch[0] Batch [2750]	Speed: 66.26 samples/sec	Train-accuracy=0.888125
2016-09-02 13:25:53,217 Epoch[0] Batch [2800]	Speed: 66.43 samples/sec	Train-accuracy=0.911250
2016-09-02 13:26:17,281 Epoch[0] Batch [2850]	Speed: 66.49 samples/sec	Train-accuracy=0.906250
2016-09-02 13:26:41,376 Epoch[0] Batch [2900]	Speed: 66.40 samples/sec	Train-accuracy=0.901875
2016-09-02 13:27:03,542 Epoch[0] Resetting Data Iterator
2016-09-02 13:27:03,543 Epoch[0] Time cost=1420.543
2016-09-02 13:27:05,548 Saved checkpoint to "models/bot-0001.params"
2016-09-02 13:28:47,442 Epoch[0] Validation-accuracy=0.918843
2016-09-02 13:29:11,203 Epoch[1] Batch [50]	Speed: 67.75 samples/sec	Train-accuracy=0.917500
2016-09-02 13:29:35,290 Epoch[1] Batch [100]	Speed: 66.43 samples/sec	Train-accuracy=0.921250
2016-09-02 13:29:59,362 Epoch[1] Batch [150]	Speed: 66.47 samples/sec	Train-accuracy=0.908125
2016-09-02 13:30:23,427 Epoch[1] Batch [200]	Speed: 66.49 samples/sec	Train-accuracy=0.898125
2016-09-02 13:30:47,511 Epoch[1] Batch [250]	Speed: 66.44 samples/sec	Train-accuracy=0.923750
2016-09-02 13:31:11,613 Epoch[1] Batch [300]	Speed: 66.39 samples/sec	Train-accuracy=0.926875
2016-09-02 13:31:35,701 Epoch[1] Batch [350]	Speed: 66.42 samples/sec	Train-accuracy=0.924375
2016-09-02 13:31:59,772 Epoch[1] Batch [400]	Speed: 66.47 samples/sec	Train-accuracy=0.940000
2016-09-02 13:32:23,829 Epoch[1] Batch [450]	Speed: 66.51 samples/sec	Train-accuracy=0.926875
2016-09-02 13:32:47,904 Epoch[1] Batch [500]	Speed: 66.46 samples/sec	Train-accuracy=0.925000
2016-09-02 13:33:12,009 Epoch[1] Batch [550]	Speed: 66.38 samples/sec	Train-accuracy=0.916875
2016-09-02 13:33:36,079 Epoch[1] Batch [600]	Speed: 66.47 samples/sec	Train-accuracy=0.922500
2016-09-02 13:34:00,204 Epoch[1] Batch [650]	Speed: 66.32 samples/sec	Train-accuracy=0.918125
2016-09-02 13:34:24,305 Epoch[1] Batch [700]	Speed: 66.39 samples/sec	Train-accuracy=0.906250
2016-09-02 13:34:48,374 Epoch[1] Batch [750]	Speed: 66.48 samples/sec	Train-accuracy=0.909375
2016-09-02 13:35:12,438 Epoch[1] Batch [800]	Speed: 66.49 samples/sec	Train-accuracy=0.938125
2016-09-02 13:35:36,507 Epoch[1] Batch [850]	Speed: 66.48 samples/sec	Train-accuracy=0.917500
2016-09-02 13:36:00,567 Epoch[1] Batch [900]	Speed: 66.50 samples/sec	Train-accuracy=0.920000
2016-09-02 13:36:24,616 Epoch[1] Batch [950]	Speed: 66.53 samples/sec	Train-accuracy=0.929375
2016-09-02 13:36:48,702 Epoch[1] Batch [1000]	Speed: 66.43 samples/sec	Train-accuracy=0.917500
2016-09-02 13:37:12,771 Epoch[1] Batch [1050]	Speed: 66.48 samples/sec	Train-accuracy=0.920000
2016-09-02 13:37:36,859 Epoch[1] Batch [1100]	Speed: 66.43 samples/sec	Train-accuracy=0.935625
2016-09-02 13:38:00,937 Epoch[1] Batch [1150]	Speed: 66.45 samples/sec	Train-accuracy=0.929375
2016-09-02 13:38:25,039 Epoch[1] Batch [1200]	Speed: 66.39 samples/sec	Train-accuracy=0.922500
2016-09-02 13:38:49,109 Epoch[1] Batch [1250]	Speed: 66.47 samples/sec	Train-accuracy=0.917500
2016-09-02 13:39:13,199 Epoch[1] Batch [1300]	Speed: 66.42 samples/sec	Train-accuracy=0.926250
2016-09-02 13:39:37,276 Epoch[1] Batch [1350]	Speed: 66.46 samples/sec	Train-accuracy=0.918750
2016-09-02 13:40:01,361 Epoch[1] Batch [1400]	Speed: 66.43 samples/sec	Train-accuracy=0.928125
2016-09-02 13:40:25,413 Epoch[1] Batch [1450]	Speed: 66.52 samples/sec	Train-accuracy=0.914375
2016-09-02 13:40:49,492 Epoch[1] Batch [1500]	Speed: 66.45 samples/sec	Train-accuracy=0.928125
2016-09-02 13:41:13,595 Epoch[1] Batch [1550]	Speed: 66.38 samples/sec	Train-accuracy=0.925000
2016-09-02 13:41:37,668 Epoch[1] Batch [1600]	Speed: 66.47 samples/sec	Train-accuracy=0.927500
2016-09-02 13:42:01,747 Epoch[1] Batch [1650]	Speed: 66.45 samples/sec	Train-accuracy=0.929375
2016-09-02 13:42:25,843 Epoch[1] Batch [1700]	Speed: 66.40 samples/sec	Train-accuracy=0.931875
2016-09-02 13:42:49,909 Epoch[1] Batch [1750]	Speed: 66.49 samples/sec	Train-accuracy=0.928125
2016-09-02 13:43:14,006 Epoch[1] Batch [1800]	Speed: 66.40 samples/sec	Train-accuracy=0.915625
2016-09-02 13:43:38,072 Epoch[1] Batch [1850]	Speed: 66.48 samples/sec	Train-accuracy=0.921250
2016-09-02 13:44:02,150 Epoch[1] Batch [1900]	Speed: 66.45 samples/sec	Train-accuracy=0.923125
2016-09-02 13:44:26,231 Epoch[1] Batch [1950]	Speed: 66.44 samples/sec	Train-accuracy=0.927500
2016-09-02 13:44:50,319 Epoch[1] Batch [2000]	Speed: 66.42 samples/sec	Train-accuracy=0.926875
2016-09-02 13:45:14,428 Epoch[1] Batch [2050]	Speed: 66.37 samples/sec	Train-accuracy=0.928750
2016-09-02 13:45:38,513 Epoch[1] Batch [2100]	Speed: 66.43 samples/sec	Train-accuracy=0.931875
2016-09-02 13:46:02,592 Epoch[1] Batch [2150]	Speed: 66.45 samples/sec	Train-accuracy=0.918750
2016-09-02 13:46:26,707 Epoch[1] Batch [2200]	Speed: 66.35 samples/sec	Train-accuracy=0.917500
2016-09-02 13:46:50,777 Epoch[1] Batch [2250]	Speed: 66.47 samples/sec	Train-accuracy=0.926875
2016-09-02 13:47:14,885 Epoch[1] Batch [2300]	Speed: 66.37 samples/sec	Train-accuracy=0.916250
2016-09-02 13:47:38,978 Epoch[1] Batch [2350]	Speed: 66.41 samples/sec	Train-accuracy=0.920000
2016-09-02 13:48:03,065 Epoch[1] Batch [2400]	Speed: 66.43 samples/sec	Train-accuracy=0.932500
2016-09-02 13:48:27,154 Epoch[1] Batch [2450]	Speed: 66.42 samples/sec	Train-accuracy=0.934375
2016-09-02 13:48:51,217 Epoch[1] Batch [2500]	Speed: 66.49 samples/sec	Train-accuracy=0.930625
2016-09-02 13:49:15,281 Epoch[1] Batch [2550]	Speed: 66.49 samples/sec	Train-accuracy=0.918750
2016-09-02 13:49:39,360 Epoch[1] Batch [2600]	Speed: 66.45 samples/sec	Train-accuracy=0.930000
2016-09-02 13:50:03,438 Epoch[1] Batch [2650]	Speed: 66.45 samples/sec	Train-accuracy=0.938750
2016-09-02 13:50:27,517 Epoch[1] Batch [2700]	Speed: 66.45 samples/sec	Train-accuracy=0.916875
2016-09-02 13:50:51,573 Epoch[1] Batch [2750]	Speed: 66.51 samples/sec	Train-accuracy=0.923750
2016-09-02 13:51:15,628 Epoch[1] Batch [2800]	Speed: 66.52 samples/sec	Train-accuracy=0.935625
2016-09-02 13:51:39,703 Epoch[1] Batch [2850]	Speed: 66.46 samples/sec	Train-accuracy=0.929375
2016-09-02 13:52:03,788 Epoch[1] Batch [2900]	Speed: 66.43 samples/sec	Train-accuracy=0.939375
2016-09-02 13:52:25,443 Epoch[1] Resetting Data Iterator
2016-09-02 13:52:25,444 Epoch[1] Time cost=1418.001
2016-09-02 13:52:27,277 Saved checkpoint to "models/bot-0002.params"
2016-09-02 13:54:08,861 Epoch[1] Validation-accuracy=0.926772
2016-09-02 13:54:32,609 Epoch[2] Batch [50]	Speed: 67.78 samples/sec	Train-accuracy=0.937500
2016-09-02 13:54:56,719 Epoch[2] Batch [100]	Speed: 66.37 samples/sec	Train-accuracy=0.933125
2016-09-02 13:55:20,801 Epoch[2] Batch [150]	Speed: 66.44 samples/sec	Train-accuracy=0.929375
2016-09-02 13:55:44,890 Epoch[2] Batch [200]	Speed: 66.42 samples/sec	Train-accuracy=0.923750
2016-09-02 13:56:08,945 Epoch[2] Batch [250]	Speed: 66.52 samples/sec	Train-accuracy=0.930000
2016-09-02 13:56:33,072 Epoch[2] Batch [300]	Speed: 66.32 samples/sec	Train-accuracy=0.936875
2016-09-02 13:56:57,130 Epoch[2] Batch [350]	Speed: 66.51 samples/sec	Train-accuracy=0.938125
2016-09-02 13:57:21,200 Epoch[2] Batch [400]	Speed: 66.47 samples/sec	Train-accuracy=0.949375
2016-09-02 13:57:45,283 Epoch[2] Batch [450]	Speed: 66.44 samples/sec	Train-accuracy=0.937500
2016-09-02 13:58:09,351 Epoch[2] Batch [500]	Speed: 66.48 samples/sec	Train-accuracy=0.928125
2016-09-02 13:58:33,403 Epoch[2] Batch [550]	Speed: 66.52 samples/sec	Train-accuracy=0.935625
2016-09-02 13:58:57,483 Epoch[2] Batch [600]	Speed: 66.45 samples/sec	Train-accuracy=0.938750
2016-09-02 13:59:21,574 Epoch[2] Batch [650]	Speed: 66.42 samples/sec	Train-accuracy=0.937500
2016-09-02 13:59:45,638 Epoch[2] Batch [700]	Speed: 66.49 samples/sec	Train-accuracy=0.943750
2016-09-02 14:00:09,696 Epoch[2] Batch [750]	Speed: 66.51 samples/sec	Train-accuracy=0.943125
2016-09-02 14:00:33,767 Epoch[2] Batch [800]	Speed: 66.47 samples/sec	Train-accuracy=0.944375
2016-09-02 14:00:57,838 Epoch[2] Batch [850]	Speed: 66.47 samples/sec	Train-accuracy=0.946250
2016-09-02 14:01:21,939 Epoch[2] Batch [900]	Speed: 66.39 samples/sec	Train-accuracy=0.938750
2016-09-02 14:01:46,009 Epoch[2] Batch [950]	Speed: 66.47 samples/sec	Train-accuracy=0.941875
2016-09-02 14:02:10,120 Epoch[2] Batch [1000]	Speed: 66.36 samples/sec	Train-accuracy=0.947500
2016-09-02 14:02:34,227 Epoch[2] Batch [1050]	Speed: 66.37 samples/sec	Train-accuracy=0.947500
2016-09-02 14:02:58,300 Epoch[2] Batch [1100]	Speed: 66.46 samples/sec	Train-accuracy=0.960000
2016-09-02 14:03:22,383 Epoch[2] Batch [1150]	Speed: 66.44 samples/sec	Train-accuracy=0.938125
2016-09-02 14:03:46,464 Epoch[2] Batch [1200]	Speed: 66.44 samples/sec	Train-accuracy=0.950625
2016-09-02 14:04:10,507 Epoch[2] Batch [1250]	Speed: 66.55 samples/sec	Train-accuracy=0.940625
2016-09-02 14:04:34,593 Epoch[2] Batch [1300]	Speed: 66.43 samples/sec	Train-accuracy=0.949375
2016-09-02 14:04:58,666 Epoch[2] Batch [1350]	Speed: 66.47 samples/sec	Train-accuracy=0.938125
2016-09-02 14:05:22,737 Epoch[2] Batch [1400]	Speed: 66.47 samples/sec	Train-accuracy=0.940000
2016-09-02 14:05:46,791 Epoch[2] Batch [1450]	Speed: 66.52 samples/sec	Train-accuracy=0.936250
2016-09-02 14:06:10,863 Epoch[2] Batch [1500]	Speed: 66.47 samples/sec	Train-accuracy=0.935625
2016-09-02 14:06:34,952 Epoch[2] Batch [1550]	Speed: 66.42 samples/sec	Train-accuracy=0.946875
2016-09-02 14:06:59,045 Epoch[2] Batch [1600]	Speed: 66.41 samples/sec	Train-accuracy=0.938750
2016-09-02 14:07:23,158 Epoch[2] Batch [1650]	Speed: 66.36 samples/sec	Train-accuracy=0.947500
2016-09-02 14:07:47,234 Epoch[2] Batch [1700]	Speed: 66.46 samples/sec	Train-accuracy=0.945625
